[2024-12-15 18:10:28,057][flwr][INFO] - Starting Flower simulation, config: ServerConfig(num_rounds=2, round_timeout=None)
[2024-12-15 18:10:30,366][flwr][INFO] - Flower VCE: Ray initialized with resources: {'memory': 3889847502.0, 'CPU': 12.0, 'node:172.27.85.201': 1.0, 'object_store_memory': 1944923750.0}
[2024-12-15 18:10:30,366][flwr][INFO] - Initializing global parameters
[2024-12-15 18:10:30,367][flwr][INFO] - Requesting initial parameters from one random client
[2024-12-15 18:10:31,161][flwr][INFO] - Received initial parameters from one random client
[2024-12-15 18:10:31,161][flwr][INFO] - Evaluating initial parameters
[2024-12-15 18:10:32,470][flwr][INFO] - initial parameters (loss, other metrics): 182.0098855495453, {'accuracy': 0.1001}
[2024-12-15 18:10:32,471][flwr][INFO] - FL starting
[2024-12-15 18:10:32,471][flwr][DEBUG] - fit_round 1: strategy sampled 5 clients (out of 5)
[2024-12-15 18:10:36,288][flwr][DEBUG] - fit_round 1 received 5 results and 0 failures
[2024-12-15 18:10:36,290][flwr][WARNING] - No fit_metrics_aggregation_fn provided
[2024-12-15 18:10:37,569][flwr][INFO] - fit progress: (1, 155.13724958896637, {'accuracy': 0.5695}, 5.098492129000078)
[2024-12-15 18:10:37,570][flwr][DEBUG] - evaluate_round 1: strategy sampled 5 clients (out of 5)
[2024-12-15 18:10:38,122][flwr][DEBUG] - evaluate_round 1 received 5 results and 0 failures
[2024-12-15 18:10:38,123][flwr][WARNING] - No evaluate_metrics_aggregation_fn provided
[2024-12-15 18:10:38,123][flwr][DEBUG] - fit_round 2: strategy sampled 5 clients (out of 5)
[2024-12-15 18:10:41,094][flwr][DEBUG] - fit_round 2 received 5 results and 0 failures
[2024-12-15 18:10:42,390][flwr][INFO] - fit progress: (2, 7.849358824780211, {'accuracy': 0.9708}, 9.91920082499928)
[2024-12-15 18:10:42,390][flwr][DEBUG] - evaluate_round 2: strategy sampled 5 clients (out of 5)
[2024-12-15 18:10:43,035][flwr][DEBUG] - evaluate_round 2 received 5 results and 0 failures
[2024-12-15 18:10:43,035][flwr][INFO] - FL finished in 10.564364230998763
[2024-12-15 18:10:43,035][flwr][INFO] - app_fit: losses_distributed [(1, 74.77435142993927), (2, 4.279866833053529)]
[2024-12-15 18:10:43,036][flwr][INFO] - app_fit: metrics_distributed_fit {}
[2024-12-15 18:10:43,036][flwr][INFO] - app_fit: metrics_distributed {}
[2024-12-15 18:10:43,036][flwr][INFO] - app_fit: losses_centralized [(0, 182.0098855495453), (1, 155.13724958896637), (2, 7.849358824780211)]
[2024-12-15 18:10:43,036][flwr][INFO] - app_fit: metrics_centralized {'accuracy': [(0, 0.1001), (1, 0.5695), (2, 0.9708)]}
